<?xml version="1.0" encoding="UTF-8"?>
<testsuite xmlns:xsi="http://www.w3.org/2001/XMLSchema-instance" xsi:noNamespaceSchemaLocation="https://maven.apache.org/surefire/maven-surefire-plugin/xsd/surefire-test-report-3.0.xsd" version="3.0" name="TestSuite" time="12.681" tests="1" errors="0" skipped="0" failures="0">
  <properties>
    <property name="java.specification.version" value="17"/>
    <property name="webdriver.chrome.driver" value="C:\Users\MADHU E\.cache\selenium\chromedriver\win64\132.0.6834.159\chromedriver.exe"/>
    <property name="sun.cpu.isalist" value="amd64"/>
    <property name="sun.jnu.encoding" value="Cp1252"/>
    <property name="java.class.path" value="C:\Users\MADHU E\eclipse-workspace\Web_Browser2_Git_1\target\test-classes;C:\Users\MADHU E\eclipse-workspace\Web_Browser2_Git_1\target\classes;C:\Users\MADHU E\.m2\repository\com\aventstack\extentreports\5.1.2\extentreports-5.1.2.jar;C:\Users\MADHU E\.m2\repository\io\reactivex\rxjava3\rxjava\3.1.6\rxjava-3.1.6.jar;C:\Users\MADHU E\.m2\repository\org\reactivestreams\reactive-streams\1.0.4\reactive-streams-1.0.4.jar;C:\Users\MADHU E\.m2\repository\org\freemarker\freemarker\2.3.32\freemarker-2.3.32.jar;C:\Users\MADHU E\.m2\repository\org\projectlombok\lombok\1.18.26\lombok-1.18.26.jar;C:\Users\MADHU E\.m2\repository\com\google\code\gson\gson\2.10.1\gson-2.10.1.jar;C:\Users\MADHU E\.m2\repository\org\apache\xmlbeans\xmlbeans\5.3.0\xmlbeans-5.3.0.jar;C:\Users\MADHU E\.m2\repository\org\apache\logging\log4j\log4j-api\2.24.2\log4j-api-2.24.2.jar;C:\Users\MADHU E\.m2\repository\org\apache\poi\poi-ooxml\5.4.0\poi-ooxml-5.4.0.jar;C:\Users\MADHU E\.m2\repository\org\apache\poi\poi-ooxml-lite\5.4.0\poi-ooxml-lite-5.4.0.jar;C:\Users\MADHU E\.m2\repository\org\apache\commons\commons-compress\1.27.1\commons-compress-1.27.1.jar;C:\Users\MADHU E\.m2\repository\commons-io\commons-io\2.18.0\commons-io-2.18.0.jar;C:\Users\MADHU E\.m2\repository\com\github\virtuald\curvesapi\1.08\curvesapi-1.08.jar;C:\Users\MADHU E\.m2\repository\org\apache\commons\commons-collections4\4.4\commons-collections4-4.4.jar;C:\Users\MADHU E\.m2\repository\org\apache\poi\poi\5.4.0\poi-5.4.0.jar;C:\Users\MADHU E\.m2\repository\commons-codec\commons-codec\1.17.1\commons-codec-1.17.1.jar;C:\Users\MADHU E\.m2\repository\org\apache\commons\commons-math3\3.6.1\commons-math3-3.6.1.jar;C:\Users\MADHU E\.m2\repository\com\zaxxer\SparseBitSet\1.3\SparseBitSet-1.3.jar;C:\Users\MADHU E\.m2\repository\org\apache\pdfbox\fontbox\3.0.4\fontbox-3.0.4.jar;C:\Users\MADHU E\.m2\repository\org\apache\pdfbox\pdfbox-io\3.0.4\pdfbox-io-3.0.4.jar;C:\Users\MADHU E\.m2\repository\commons-logging\commons-logging\1.3.4\commons-logging-1.3.4.jar;C:\Users\MADHU E\.m2\repository\org\apache\pdfbox\pdfbox\3.0.4\pdfbox-3.0.4.jar;C:\Users\MADHU E\.m2\repository\com\testautomationguru\pdfutil\pdf-util\0.0.3\pdf-util-0.0.3.jar;C:\Users\MADHU E\.m2\repository\org\apache\pdfbox\pdfbox-tools\2.0.8\pdfbox-tools-2.0.8.jar;C:\Users\MADHU E\.m2\repository\org\apache\pdfbox\pdfbox-debugger\2.0.8\pdfbox-debugger-2.0.8.jar;C:\Users\MADHU E\.m2\repository\com\opencsv\opencsv\5.10\opencsv-5.10.jar;C:\Users\MADHU E\.m2\repository\org\apache\commons\commons-lang3\3.17.0\commons-lang3-3.17.0.jar;C:\Users\MADHU E\.m2\repository\org\apache\commons\commons-text\1.13.0\commons-text-1.13.0.jar;C:\Users\MADHU E\.m2\repository\commons-beanutils\commons-beanutils\1.10.0\commons-beanutils-1.10.0.jar;C:\Users\MADHU E\.m2\repository\org\apache\opennlp\opennlp-tools\2.5.3\opennlp-tools-2.5.3.jar;C:\Users\MADHU E\.m2\repository\org\slf4j\slf4j-api\2.0.16\slf4j-api-2.0.16.jar;C:\Users\MADHU E\.m2\repository\org\apache\cassandra\cassandra-all\0.8.1\cassandra-all-0.8.1.jar;C:\Users\MADHU E\.m2\repository\commons-cli\commons-cli\1.1\commons-cli-1.1.jar;C:\Users\MADHU E\.m2\repository\commons-collections\commons-collections\3.2.1\commons-collections-3.2.1.jar;C:\Users\MADHU E\.m2\repository\commons-lang\commons-lang\2.4\commons-lang-2.4.jar;C:\Users\MADHU E\.m2\repository\com\googlecode\concurrentlinkedhashmap\concurrentlinkedhashmap-lru\1.1\concurrentlinkedhashmap-lru-1.1.jar;C:\Users\MADHU E\.m2\repository\org\antlr\antlr\3.2\antlr-3.2.jar;C:\Users\MADHU E\.m2\repository\org\antlr\antlr-runtime\3.2\antlr-runtime-3.2.jar;C:\Users\MADHU E\.m2\repository\org\antlr\stringtemplate\3.2\stringtemplate-3.2.jar;C:\Users\MADHU E\.m2\repository\antlr\antlr\2.7.7\antlr-2.7.7.jar;C:\Users\MADHU E\.m2\repository\org\apache\cassandra\deps\avro\1.4.0-cassandra-1\avro-1.4.0-cassandra-1.jar;C:\Users\MADHU E\.m2\repository\org\mortbay\jetty\jetty\6.1.22\jetty-6.1.22.jar;C:\Users\MADHU E\.m2\repository\org\mortbay\jetty\jetty-util\6.1.22\jetty-util-6.1.22.jar;C:\Users\MADHU E\.m2\repository\org\mortbay\jetty\servlet-api\2.5-20081211\servlet-api-2.5-20081211.jar;C:\Users\MADHU E\.m2\repository\org\codehaus\jackson\jackson-core-asl\1.4.0\jackson-core-asl-1.4.0.jar;C:\Users\MADHU E\.m2\repository\org\codehaus\jackson\jackson-mapper-asl\1.4.0\jackson-mapper-asl-1.4.0.jar;C:\Users\MADHU E\.m2\repository\jline\jline\0.9.94\jline-0.9.94.jar;C:\Users\MADHU E\.m2\repository\com\googlecode\json-simple\json-simple\1.1\json-simple-1.1.jar;C:\Users\MADHU E\.m2\repository\com\github\stephenc\high-scale-lib\high-scale-lib\1.1.2\high-scale-lib-1.1.2.jar;C:\Users\MADHU E\.m2\repository\org\yaml\snakeyaml\1.6\snakeyaml-1.6.jar;C:\Users\MADHU E\.m2\repository\org\apache\thrift\libthrift\0.6.1\libthrift-0.6.1.jar;C:\Users\MADHU E\.m2\repository\junit\junit\4.4\junit-4.4.jar;C:\Users\MADHU E\.m2\repository\javax\servlet\servlet-api\2.5\servlet-api-2.5.jar;C:\Users\MADHU E\.m2\repository\org\apache\httpcomponents\httpclient\4.0.1\httpclient-4.0.1.jar;C:\Users\MADHU E\.m2\repository\org\apache\httpcomponents\httpcore\4.0.1\httpcore-4.0.1.jar;C:\Users\MADHU E\.m2\repository\org\apache\cassandra\cassandra-thrift\0.8.1\cassandra-thrift-0.8.1.jar;C:\Users\MADHU E\.m2\repository\com\github\stephenc\jamm\0.2.2\jamm-0.2.2.jar;C:\Users\MADHU E\.m2\repository\com\google\guava\guava\33.4.0-jre\guava-33.4.0-jre.jar;C:\Users\MADHU E\.m2\repository\com\google\guava\failureaccess\1.0.2\failureaccess-1.0.2.jar;C:\Users\MADHU E\.m2\repository\com\google\guava\listenablefuture\9999.0-empty-to-avoid-conflict-with-guava\listenablefuture-9999.0-empty-to-avoid-conflict-with-guava.jar;C:\Users\MADHU E\.m2\repository\com\google\code\findbugs\jsr305\3.0.2\jsr305-3.0.2.jar;C:\Users\MADHU E\.m2\repository\org\checkerframework\checker-qual\3.43.0\checker-qual-3.43.0.jar;C:\Users\MADHU E\.m2\repository\com\google\errorprone\error_prone_annotations\2.36.0\error_prone_annotations-2.36.0.jar;C:\Users\MADHU E\.m2\repository\com\google\j2objc\j2objc-annotations\3.0.0\j2objc-annotations-3.0.0.jar;C:\Users\MADHU E\.m2\repository\com\github\adiralashiva8\testng-metrics\1.6\testng-metrics-1.6.jar;C:\Users\MADHU E\.m2\repository\io\github\bonigarcia\webdrivermanager\5.9.2\webdrivermanager-5.9.2.jar;C:\Users\MADHU E\.m2\repository\com\github\docker-java\docker-java\3.4.0\docker-java-3.4.0.jar;C:\Users\MADHU E\.m2\repository\com\github\docker-java\docker-java-core\3.4.0\docker-java-core-3.4.0.jar;C:\Users\MADHU E\.m2\repository\com\github\docker-java\docker-java-api\3.4.0\docker-java-api-3.4.0.jar;C:\Users\MADHU E\.m2\repository\com\fasterxml\jackson\core\jackson-annotations\2.10.3\jackson-annotations-2.10.3.jar;C:\Users\MADHU E\.m2\repository\com\fasterxml\jackson\core\jackson-databind\2.10.3\jackson-databind-2.10.3.jar;C:\Users\MADHU E\.m2\repository\com\fasterxml\jackson\core\jackson-core\2.10.3\jackson-core-2.10.3.jar;C:\Users\MADHU E\.m2\repository\org\slf4j\jcl-over-slf4j\1.7.30\jcl-over-slf4j-1.7.30.jar;C:\Users\MADHU E\.m2\repository\com\github\docker-java\docker-java-transport-httpclient5\3.4.0\docker-java-transport-httpclient5-3.4.0.jar;C:\Users\MADHU E\.m2\repository\com\github\docker-java\docker-java-transport\3.4.0\docker-java-transport-3.4.0.jar;C:\Users\MADHU E\.m2\repository\net\java\dev\jna\jna\5.13.0\jna-5.13.0.jar;C:\Users\MADHU E\.m2\repository\org\brotli\dec\0.1.2\dec-0.1.2.jar;C:\Users\MADHU E\.m2\repository\org\apache\httpcomponents\client5\httpclient5\5.2.1\httpclient5-5.2.1.jar;C:\Users\MADHU E\.m2\repository\org\apache\httpcomponents\core5\httpcore5\5.2\httpcore5-5.2.jar;C:\Users\MADHU E\.m2\repository\org\apache\httpcomponents\core5\httpcore5-h2\5.2\httpcore5-h2-5.2.jar;C:\Users\MADHU E\.m2\repository\org\seleniumhq\selenium\selenium-java\4.28.1\selenium-java-4.28.1.jar;C:\Users\MADHU E\.m2\repository\org\seleniumhq\selenium\selenium-api\4.28.1\selenium-api-4.28.1.jar;C:\Users\MADHU E\.m2\repository\org\jspecify\jspecify\1.0.0\jspecify-1.0.0.jar;C:\Users\MADHU E\.m2\repository\org\seleniumhq\selenium\selenium-chrome-driver\4.28.1\selenium-chrome-driver-4.28.1.jar;C:\Users\MADHU E\.m2\repository\com\google\auto\service\auto-service-annotations\1.1.1\auto-service-annotations-1.1.1.jar;C:\Users\MADHU E\.m2\repository\org\seleniumhq\selenium\selenium-chromium-driver\4.28.1\selenium-chromium-driver-4.28.1.jar;C:\Users\MADHU E\.m2\repository\org\seleniumhq\selenium\selenium-json\4.28.1\selenium-json-4.28.1.jar;C:\Users\MADHU E\.m2\repository\org\seleniumhq\selenium\selenium-manager\4.28.1\selenium-manager-4.28.1.jar;C:\Users\MADHU E\.m2\repository\org\seleniumhq\selenium\selenium-devtools-v130\4.28.1\selenium-devtools-v130-4.28.1.jar;C:\Users\MADHU E\.m2\repository\org\seleniumhq\selenium\selenium-devtools-v131\4.28.1\selenium-devtools-v131-4.28.1.jar;C:\Users\MADHU E\.m2\repository\org\seleniumhq\selenium\selenium-devtools-v132\4.28.1\selenium-devtools-v132-4.28.1.jar;C:\Users\MADHU E\.m2\repository\org\seleniumhq\selenium\selenium-devtools-v85\4.28.1\selenium-devtools-v85-4.28.1.jar;C:\Users\MADHU E\.m2\repository\org\seleniumhq\selenium\selenium-edge-driver\4.28.1\selenium-edge-driver-4.28.1.jar;C:\Users\MADHU E\.m2\repository\org\seleniumhq\selenium\selenium-firefox-driver\4.28.1\selenium-firefox-driver-4.28.1.jar;C:\Users\MADHU E\.m2\repository\org\seleniumhq\selenium\selenium-http\4.28.1\selenium-http-4.28.1.jar;C:\Users\MADHU E\.m2\repository\org\seleniumhq\selenium\selenium-ie-driver\4.28.1\selenium-ie-driver-4.28.1.jar;C:\Users\MADHU E\.m2\repository\org\seleniumhq\selenium\selenium-remote-driver\4.28.1\selenium-remote-driver-4.28.1.jar;C:\Users\MADHU E\.m2\repository\io\opentelemetry\semconv\opentelemetry-semconv\1.28.0-alpha\opentelemetry-semconv-1.28.0-alpha.jar;C:\Users\MADHU E\.m2\repository\io\opentelemetry\opentelemetry-api\1.46.0\opentelemetry-api-1.46.0.jar;C:\Users\MADHU E\.m2\repository\io\opentelemetry\opentelemetry-context\1.46.0\opentelemetry-context-1.46.0.jar;C:\Users\MADHU E\.m2\repository\io\opentelemetry\opentelemetry-exporter-logging\1.46.0\opentelemetry-exporter-logging-1.46.0.jar;C:\Users\MADHU E\.m2\repository\io\opentelemetry\opentelemetry-sdk-common\1.46.0\opentelemetry-sdk-common-1.46.0.jar;C:\Users\MADHU E\.m2\repository\io\opentelemetry\opentelemetry-sdk-extension-autoconfigure-spi\1.46.0\opentelemetry-sdk-extension-autoconfigure-spi-1.46.0.jar;C:\Users\MADHU E\.m2\repository\io\opentelemetry\opentelemetry-sdk-extension-autoconfigure\1.46.0\opentelemetry-sdk-extension-autoconfigure-1.46.0.jar;C:\Users\MADHU E\.m2\repository\io\opentelemetry\opentelemetry-api-incubator\1.46.0-alpha\opentelemetry-api-incubator-1.46.0-alpha.jar;C:\Users\MADHU E\.m2\repository\io\opentelemetry\opentelemetry-sdk-trace\1.46.0\opentelemetry-sdk-trace-1.46.0.jar;C:\Users\MADHU E\.m2\repository\io\opentelemetry\opentelemetry-sdk\1.46.0\opentelemetry-sdk-1.46.0.jar;C:\Users\MADHU E\.m2\repository\io\opentelemetry\opentelemetry-sdk-metrics\1.46.0\opentelemetry-sdk-metrics-1.46.0.jar;C:\Users\MADHU E\.m2\repository\io\opentelemetry\opentelemetry-sdk-logs\1.46.0\opentelemetry-sdk-logs-1.46.0.jar;C:\Users\MADHU E\.m2\repository\net\bytebuddy\byte-buddy\1.15.11\byte-buddy-1.15.11.jar;C:\Users\MADHU E\.m2\repository\org\seleniumhq\selenium\selenium-os\4.28.1\selenium-os-4.28.1.jar;C:\Users\MADHU E\.m2\repository\org\apache\commons\commons-exec\1.4.0\commons-exec-1.4.0.jar;C:\Users\MADHU E\.m2\repository\org\seleniumhq\selenium\selenium-safari-driver\4.28.1\selenium-safari-driver-4.28.1.jar;C:\Users\MADHU E\.m2\repository\org\seleniumhq\selenium\selenium-support\4.28.1\selenium-support-4.28.1.jar;C:\Users\MADHU E\.m2\repository\org\testng\testng\7.6.0\testng-7.6.0.jar;C:\Users\MADHU E\.m2\repository\com\beust\jcommander\1.82\jcommander-1.82.jar;C:\Users\MADHU E\.m2\repository\org\webjars\jquery\3.6.0\jquery-3.6.0.jar;"/>
    <property name="java.vm.vendor" value="Oracle Corporation"/>
    <property name="sun.arch.data.model" value="64"/>
    <property name="user.variant" value=""/>
    <property name="java.vendor.url" value="https://java.oracle.com/"/>
    <property name="user.timezone" value="Asia/Calcutta"/>
    <property name="os.name" value="Windows 11"/>
    <property name="java.vm.specification.version" value="17"/>
    <property name="webdriver.chrome.silentOutput" value="true"/>
    <property name="sun.java.launcher" value="SUN_STANDARD"/>
    <property name="user.country" value="IN"/>
    <property name="sun.boot.library.path" value="C:\Program Files\Java\jdk-17\bin"/>
    <property name="sun.java.command" value="C:\Users\MADHU E\AppData\Local\Temp\surefire11513333464773892242\surefirebooter-20250213163146240_3.jar C:\Users\MADHU E\AppData\Local\Temp\surefire11513333464773892242 2025-02-13T16-31-45_742-jvmRun1 surefire-20250213163146240_1tmp surefire_0-20250213163146240_2tmp"/>
    <property name="jdk.debug" value="release"/>
    <property name="surefire.test.class.path" value="C:\Users\MADHU E\eclipse-workspace\Web_Browser2_Git_1\target\test-classes;C:\Users\MADHU E\eclipse-workspace\Web_Browser2_Git_1\target\classes;C:\Users\MADHU E\.m2\repository\com\aventstack\extentreports\5.1.2\extentreports-5.1.2.jar;C:\Users\MADHU E\.m2\repository\io\reactivex\rxjava3\rxjava\3.1.6\rxjava-3.1.6.jar;C:\Users\MADHU E\.m2\repository\org\reactivestreams\reactive-streams\1.0.4\reactive-streams-1.0.4.jar;C:\Users\MADHU E\.m2\repository\org\freemarker\freemarker\2.3.32\freemarker-2.3.32.jar;C:\Users\MADHU E\.m2\repository\org\projectlombok\lombok\1.18.26\lombok-1.18.26.jar;C:\Users\MADHU E\.m2\repository\com\google\code\gson\gson\2.10.1\gson-2.10.1.jar;C:\Users\MADHU E\.m2\repository\org\apache\xmlbeans\xmlbeans\5.3.0\xmlbeans-5.3.0.jar;C:\Users\MADHU E\.m2\repository\org\apache\logging\log4j\log4j-api\2.24.2\log4j-api-2.24.2.jar;C:\Users\MADHU E\.m2\repository\org\apache\poi\poi-ooxml\5.4.0\poi-ooxml-5.4.0.jar;C:\Users\MADHU E\.m2\repository\org\apache\poi\poi-ooxml-lite\5.4.0\poi-ooxml-lite-5.4.0.jar;C:\Users\MADHU E\.m2\repository\org\apache\commons\commons-compress\1.27.1\commons-compress-1.27.1.jar;C:\Users\MADHU E\.m2\repository\commons-io\commons-io\2.18.0\commons-io-2.18.0.jar;C:\Users\MADHU E\.m2\repository\com\github\virtuald\curvesapi\1.08\curvesapi-1.08.jar;C:\Users\MADHU E\.m2\repository\org\apache\commons\commons-collections4\4.4\commons-collections4-4.4.jar;C:\Users\MADHU E\.m2\repository\org\apache\poi\poi\5.4.0\poi-5.4.0.jar;C:\Users\MADHU E\.m2\repository\commons-codec\commons-codec\1.17.1\commons-codec-1.17.1.jar;C:\Users\MADHU E\.m2\repository\org\apache\commons\commons-math3\3.6.1\commons-math3-3.6.1.jar;C:\Users\MADHU E\.m2\repository\com\zaxxer\SparseBitSet\1.3\SparseBitSet-1.3.jar;C:\Users\MADHU E\.m2\repository\org\apache\pdfbox\fontbox\3.0.4\fontbox-3.0.4.jar;C:\Users\MADHU E\.m2\repository\org\apache\pdfbox\pdfbox-io\3.0.4\pdfbox-io-3.0.4.jar;C:\Users\MADHU E\.m2\repository\commons-logging\commons-logging\1.3.4\commons-logging-1.3.4.jar;C:\Users\MADHU E\.m2\repository\org\apache\pdfbox\pdfbox\3.0.4\pdfbox-3.0.4.jar;C:\Users\MADHU E\.m2\repository\com\testautomationguru\pdfutil\pdf-util\0.0.3\pdf-util-0.0.3.jar;C:\Users\MADHU E\.m2\repository\org\apache\pdfbox\pdfbox-tools\2.0.8\pdfbox-tools-2.0.8.jar;C:\Users\MADHU E\.m2\repository\org\apache\pdfbox\pdfbox-debugger\2.0.8\pdfbox-debugger-2.0.8.jar;C:\Users\MADHU E\.m2\repository\com\opencsv\opencsv\5.10\opencsv-5.10.jar;C:\Users\MADHU E\.m2\repository\org\apache\commons\commons-lang3\3.17.0\commons-lang3-3.17.0.jar;C:\Users\MADHU E\.m2\repository\org\apache\commons\commons-text\1.13.0\commons-text-1.13.0.jar;C:\Users\MADHU E\.m2\repository\commons-beanutils\commons-beanutils\1.10.0\commons-beanutils-1.10.0.jar;C:\Users\MADHU E\.m2\repository\org\apache\opennlp\opennlp-tools\2.5.3\opennlp-tools-2.5.3.jar;C:\Users\MADHU E\.m2\repository\org\slf4j\slf4j-api\2.0.16\slf4j-api-2.0.16.jar;C:\Users\MADHU E\.m2\repository\org\apache\cassandra\cassandra-all\0.8.1\cassandra-all-0.8.1.jar;C:\Users\MADHU E\.m2\repository\commons-cli\commons-cli\1.1\commons-cli-1.1.jar;C:\Users\MADHU E\.m2\repository\commons-collections\commons-collections\3.2.1\commons-collections-3.2.1.jar;C:\Users\MADHU E\.m2\repository\commons-lang\commons-lang\2.4\commons-lang-2.4.jar;C:\Users\MADHU E\.m2\repository\com\googlecode\concurrentlinkedhashmap\concurrentlinkedhashmap-lru\1.1\concurrentlinkedhashmap-lru-1.1.jar;C:\Users\MADHU E\.m2\repository\org\antlr\antlr\3.2\antlr-3.2.jar;C:\Users\MADHU E\.m2\repository\org\antlr\antlr-runtime\3.2\antlr-runtime-3.2.jar;C:\Users\MADHU E\.m2\repository\org\antlr\stringtemplate\3.2\stringtemplate-3.2.jar;C:\Users\MADHU E\.m2\repository\antlr\antlr\2.7.7\antlr-2.7.7.jar;C:\Users\MADHU E\.m2\repository\org\apache\cassandra\deps\avro\1.4.0-cassandra-1\avro-1.4.0-cassandra-1.jar;C:\Users\MADHU E\.m2\repository\org\mortbay\jetty\jetty\6.1.22\jetty-6.1.22.jar;C:\Users\MADHU E\.m2\repository\org\mortbay\jetty\jetty-util\6.1.22\jetty-util-6.1.22.jar;C:\Users\MADHU E\.m2\repository\org\mortbay\jetty\servlet-api\2.5-20081211\servlet-api-2.5-20081211.jar;C:\Users\MADHU E\.m2\repository\org\codehaus\jackson\jackson-core-asl\1.4.0\jackson-core-asl-1.4.0.jar;C:\Users\MADHU E\.m2\repository\org\codehaus\jackson\jackson-mapper-asl\1.4.0\jackson-mapper-asl-1.4.0.jar;C:\Users\MADHU E\.m2\repository\jline\jline\0.9.94\jline-0.9.94.jar;C:\Users\MADHU E\.m2\repository\com\googlecode\json-simple\json-simple\1.1\json-simple-1.1.jar;C:\Users\MADHU E\.m2\repository\com\github\stephenc\high-scale-lib\high-scale-lib\1.1.2\high-scale-lib-1.1.2.jar;C:\Users\MADHU E\.m2\repository\org\yaml\snakeyaml\1.6\snakeyaml-1.6.jar;C:\Users\MADHU E\.m2\repository\org\apache\thrift\libthrift\0.6.1\libthrift-0.6.1.jar;C:\Users\MADHU E\.m2\repository\junit\junit\4.4\junit-4.4.jar;C:\Users\MADHU E\.m2\repository\javax\servlet\servlet-api\2.5\servlet-api-2.5.jar;C:\Users\MADHU E\.m2\repository\org\apache\httpcomponents\httpclient\4.0.1\httpclient-4.0.1.jar;C:\Users\MADHU E\.m2\repository\org\apache\httpcomponents\httpcore\4.0.1\httpcore-4.0.1.jar;C:\Users\MADHU E\.m2\repository\org\apache\cassandra\cassandra-thrift\0.8.1\cassandra-thrift-0.8.1.jar;C:\Users\MADHU E\.m2\repository\com\github\stephenc\jamm\0.2.2\jamm-0.2.2.jar;C:\Users\MADHU E\.m2\repository\com\google\guava\guava\33.4.0-jre\guava-33.4.0-jre.jar;C:\Users\MADHU E\.m2\repository\com\google\guava\failureaccess\1.0.2\failureaccess-1.0.2.jar;C:\Users\MADHU E\.m2\repository\com\google\guava\listenablefuture\9999.0-empty-to-avoid-conflict-with-guava\listenablefuture-9999.0-empty-to-avoid-conflict-with-guava.jar;C:\Users\MADHU E\.m2\repository\com\google\code\findbugs\jsr305\3.0.2\jsr305-3.0.2.jar;C:\Users\MADHU E\.m2\repository\org\checkerframework\checker-qual\3.43.0\checker-qual-3.43.0.jar;C:\Users\MADHU E\.m2\repository\com\google\errorprone\error_prone_annotations\2.36.0\error_prone_annotations-2.36.0.jar;C:\Users\MADHU E\.m2\repository\com\google\j2objc\j2objc-annotations\3.0.0\j2objc-annotations-3.0.0.jar;C:\Users\MADHU E\.m2\repository\com\github\adiralashiva8\testng-metrics\1.6\testng-metrics-1.6.jar;C:\Users\MADHU E\.m2\repository\io\github\bonigarcia\webdrivermanager\5.9.2\webdrivermanager-5.9.2.jar;C:\Users\MADHU E\.m2\repository\com\github\docker-java\docker-java\3.4.0\docker-java-3.4.0.jar;C:\Users\MADHU E\.m2\repository\com\github\docker-java\docker-java-core\3.4.0\docker-java-core-3.4.0.jar;C:\Users\MADHU E\.m2\repository\com\github\docker-java\docker-java-api\3.4.0\docker-java-api-3.4.0.jar;C:\Users\MADHU E\.m2\repository\com\fasterxml\jackson\core\jackson-annotations\2.10.3\jackson-annotations-2.10.3.jar;C:\Users\MADHU E\.m2\repository\com\fasterxml\jackson\core\jackson-databind\2.10.3\jackson-databind-2.10.3.jar;C:\Users\MADHU E\.m2\repository\com\fasterxml\jackson\core\jackson-core\2.10.3\jackson-core-2.10.3.jar;C:\Users\MADHU E\.m2\repository\org\slf4j\jcl-over-slf4j\1.7.30\jcl-over-slf4j-1.7.30.jar;C:\Users\MADHU E\.m2\repository\com\github\docker-java\docker-java-transport-httpclient5\3.4.0\docker-java-transport-httpclient5-3.4.0.jar;C:\Users\MADHU E\.m2\repository\com\github\docker-java\docker-java-transport\3.4.0\docker-java-transport-3.4.0.jar;C:\Users\MADHU E\.m2\repository\net\java\dev\jna\jna\5.13.0\jna-5.13.0.jar;C:\Users\MADHU E\.m2\repository\org\brotli\dec\0.1.2\dec-0.1.2.jar;C:\Users\MADHU E\.m2\repository\org\apache\httpcomponents\client5\httpclient5\5.2.1\httpclient5-5.2.1.jar;C:\Users\MADHU E\.m2\repository\org\apache\httpcomponents\core5\httpcore5\5.2\httpcore5-5.2.jar;C:\Users\MADHU E\.m2\repository\org\apache\httpcomponents\core5\httpcore5-h2\5.2\httpcore5-h2-5.2.jar;C:\Users\MADHU E\.m2\repository\org\seleniumhq\selenium\selenium-java\4.28.1\selenium-java-4.28.1.jar;C:\Users\MADHU E\.m2\repository\org\seleniumhq\selenium\selenium-api\4.28.1\selenium-api-4.28.1.jar;C:\Users\MADHU E\.m2\repository\org\jspecify\jspecify\1.0.0\jspecify-1.0.0.jar;C:\Users\MADHU E\.m2\repository\org\seleniumhq\selenium\selenium-chrome-driver\4.28.1\selenium-chrome-driver-4.28.1.jar;C:\Users\MADHU E\.m2\repository\com\google\auto\service\auto-service-annotations\1.1.1\auto-service-annotations-1.1.1.jar;C:\Users\MADHU E\.m2\repository\org\seleniumhq\selenium\selenium-chromium-driver\4.28.1\selenium-chromium-driver-4.28.1.jar;C:\Users\MADHU E\.m2\repository\org\seleniumhq\selenium\selenium-json\4.28.1\selenium-json-4.28.1.jar;C:\Users\MADHU E\.m2\repository\org\seleniumhq\selenium\selenium-manager\4.28.1\selenium-manager-4.28.1.jar;C:\Users\MADHU E\.m2\repository\org\seleniumhq\selenium\selenium-devtools-v130\4.28.1\selenium-devtools-v130-4.28.1.jar;C:\Users\MADHU E\.m2\repository\org\seleniumhq\selenium\selenium-devtools-v131\4.28.1\selenium-devtools-v131-4.28.1.jar;C:\Users\MADHU E\.m2\repository\org\seleniumhq\selenium\selenium-devtools-v132\4.28.1\selenium-devtools-v132-4.28.1.jar;C:\Users\MADHU E\.m2\repository\org\seleniumhq\selenium\selenium-devtools-v85\4.28.1\selenium-devtools-v85-4.28.1.jar;C:\Users\MADHU E\.m2\repository\org\seleniumhq\selenium\selenium-edge-driver\4.28.1\selenium-edge-driver-4.28.1.jar;C:\Users\MADHU E\.m2\repository\org\seleniumhq\selenium\selenium-firefox-driver\4.28.1\selenium-firefox-driver-4.28.1.jar;C:\Users\MADHU E\.m2\repository\org\seleniumhq\selenium\selenium-http\4.28.1\selenium-http-4.28.1.jar;C:\Users\MADHU E\.m2\repository\org\seleniumhq\selenium\selenium-ie-driver\4.28.1\selenium-ie-driver-4.28.1.jar;C:\Users\MADHU E\.m2\repository\org\seleniumhq\selenium\selenium-remote-driver\4.28.1\selenium-remote-driver-4.28.1.jar;C:\Users\MADHU E\.m2\repository\io\opentelemetry\semconv\opentelemetry-semconv\1.28.0-alpha\opentelemetry-semconv-1.28.0-alpha.jar;C:\Users\MADHU E\.m2\repository\io\opentelemetry\opentelemetry-api\1.46.0\opentelemetry-api-1.46.0.jar;C:\Users\MADHU E\.m2\repository\io\opentelemetry\opentelemetry-context\1.46.0\opentelemetry-context-1.46.0.jar;C:\Users\MADHU E\.m2\repository\io\opentelemetry\opentelemetry-exporter-logging\1.46.0\opentelemetry-exporter-logging-1.46.0.jar;C:\Users\MADHU E\.m2\repository\io\opentelemetry\opentelemetry-sdk-common\1.46.0\opentelemetry-sdk-common-1.46.0.jar;C:\Users\MADHU E\.m2\repository\io\opentelemetry\opentelemetry-sdk-extension-autoconfigure-spi\1.46.0\opentelemetry-sdk-extension-autoconfigure-spi-1.46.0.jar;C:\Users\MADHU E\.m2\repository\io\opentelemetry\opentelemetry-sdk-extension-autoconfigure\1.46.0\opentelemetry-sdk-extension-autoconfigure-1.46.0.jar;C:\Users\MADHU E\.m2\repository\io\opentelemetry\opentelemetry-api-incubator\1.46.0-alpha\opentelemetry-api-incubator-1.46.0-alpha.jar;C:\Users\MADHU E\.m2\repository\io\opentelemetry\opentelemetry-sdk-trace\1.46.0\opentelemetry-sdk-trace-1.46.0.jar;C:\Users\MADHU E\.m2\repository\io\opentelemetry\opentelemetry-sdk\1.46.0\opentelemetry-sdk-1.46.0.jar;C:\Users\MADHU E\.m2\repository\io\opentelemetry\opentelemetry-sdk-metrics\1.46.0\opentelemetry-sdk-metrics-1.46.0.jar;C:\Users\MADHU E\.m2\repository\io\opentelemetry\opentelemetry-sdk-logs\1.46.0\opentelemetry-sdk-logs-1.46.0.jar;C:\Users\MADHU E\.m2\repository\net\bytebuddy\byte-buddy\1.15.11\byte-buddy-1.15.11.jar;C:\Users\MADHU E\.m2\repository\org\seleniumhq\selenium\selenium-os\4.28.1\selenium-os-4.28.1.jar;C:\Users\MADHU E\.m2\repository\org\apache\commons\commons-exec\1.4.0\commons-exec-1.4.0.jar;C:\Users\MADHU E\.m2\repository\org\seleniumhq\selenium\selenium-safari-driver\4.28.1\selenium-safari-driver-4.28.1.jar;C:\Users\MADHU E\.m2\repository\org\seleniumhq\selenium\selenium-support\4.28.1\selenium-support-4.28.1.jar;C:\Users\MADHU E\.m2\repository\org\testng\testng\7.6.0\testng-7.6.0.jar;C:\Users\MADHU E\.m2\repository\com\beust\jcommander\1.82\jcommander-1.82.jar;C:\Users\MADHU E\.m2\repository\org\webjars\jquery\3.6.0\jquery-3.6.0.jar;"/>
    <property name="sun.cpu.endian" value="little"/>
    <property name="user.home" value="C:\Users\MADHU E"/>
    <property name="user.language" value="en"/>
    <property name="java.specification.vendor" value="Oracle Corporation"/>
    <property name="java.version.date" value="2025-01-21"/>
    <property name="java.home" value="C:\Program Files\Java\jdk-17"/>
    <property name="file.separator" value="\"/>
    <property name="style.color" value="always"/>
    <property name="basedir" value="C:\Users\MADHU E\eclipse-workspace\Web_Browser2_Git_1"/>
    <property name="java.vm.compressedOopsMode" value="32-bit"/>
    <property name="line.separator" value="&#10;"/>
    <property name="java.vm.specification.vendor" value="Oracle Corporation"/>
    <property name="java.specification.name" value="Java Platform API Specification"/>
    <property name="surefire.real.class.path" value="C:\Users\MADHU E\AppData\Local\Temp\surefire11513333464773892242\surefirebooter-20250213163146240_3.jar"/>
    <property name="user.script" value=""/>
    <property name="sun.management.compiler" value="HotSpot 64-Bit Tiered Compilers"/>
    <property name="java.runtime.version" value="17.0.14+8-LTS-191"/>
    <property name="user.name" value="MADHU E"/>
    <property name="path.separator" value=";"/>
    <property name="os.version" value="10.0"/>
    <property name="java.runtime.name" value="Java(TM) SE Runtime Environment"/>
    <property name="file.encoding" value="Cp1252"/>
    <property name="java.vm.name" value="Java HotSpot(TM) 64-Bit Server VM"/>
    <property name="localRepository" value="C:\Users\MADHU E\.m2\repository"/>
    <property name="java.vendor.url.bug" value="https://bugreport.java.com/bugreport/"/>
    <property name="java.io.tmpdir" value="C:\Users\MADHUE~1\AppData\Local\Temp\"/>
    <property name="java.version" value="17.0.14"/>
    <property name="user.dir" value="C:\Users\MADHU E\eclipse-workspace\Web_Browser2_Git_1"/>
    <property name="os.arch" value="amd64"/>
    <property name="java.vm.specification.name" value="Java Virtual Machine Specification"/>
    <property name="sun.os.patch.level" value=""/>
    <property name="native.encoding" value="Cp1252"/>
    <property name="java.library.path" value="C:\Program Files\Java\jdk-17\bin;C:\WINDOWS\Sun\Java\bin;C:\WINDOWS\system32;C:\WINDOWS;C:/Users/MADHU E/.p2/pool/plugins/org.eclipse.justj.openjdk.hotspot.jre.full.win32.x86_64_23.0.2.v20250131-0604/jre/bin/server;C:/Users/MADHU E/.p2/pool/plugins/org.eclipse.justj.openjdk.hotspot.jre.full.win32.x86_64_23.0.2.v20250131-0604/jre/bin;C:\WINDOWS\system32;C:\WINDOWS;C:\WINDOWS\System32\Wbem;C:\WINDOWS\System32\WindowsPowerShell\v1.0\;C:\WINDOWS\System32\OpenSSH\;C:\Program Files\Java\jdk-17\bin;C:\Program Files\Java\jdk-17\bin;C:\Program Files\apache-maven-3.9.9\bin;C:\Program Files\Git\cmd;C:\Users\MADHU E\AppData\Local\Microsoft\WindowsApps;C:\Users\MADHU E\AppData\Local\Programs\Microsoft VS Code\bin;C:\Users\MADHU E\OneDrive\Desktop;;."/>
    <property name="java.vm.info" value="mixed mode, sharing"/>
    <property name="java.vendor" value="Oracle Corporation"/>
    <property name="java.vm.version" value="17.0.14+8-LTS-191"/>
    <property name="java.specification.maintenance.version" value="1"/>
    <property name="sun.io.unicode.encoding" value="UnicodeLittle"/>
    <property name="java.class.version" value="61.0"/>
  </properties>
  <testcase name="User_login" classname="com.naukari.test_cases.user_side.Test_1_Naukari_Tests" time="0.002">
    <system-out><![CDATA[Not a directtory. Do nothing
Not a directtory. Do nothing
Deletingbullet_point.png
Deletingcollapseall.gif
Deletingemailable-report.html
Deletingfailed.png
Deletingindex.html
Deletingjquery-3.6.0.min.js
Deletingjunitreports
DeletingMy_Demo_Frame_Work Naukari Suite
DeletingNaukari_Web_App Automation_Report_13_Feb_25_04_26_20.html
Deletingnavigator-bullet.png
Deletingold
Deletingpassed.png
Deletingskipped.png
DeletingTEST-TestSuite.xml
Deletingtestng-reports.css
Deletingtestng-reports.js
Deletingtestng-reports1.css
Deletingtestng-reports2.js
Deletingtestng-results.xml
Deletingtestng.css
DeletingTestSuite.txt

Logo: data:image/jpeg;base64,/9j/4AAQSkZJRgABAQAAAQABAAD/2wCEAAkGBwgHBgkIBwgKCgkLDRYPDQwMDRsUFRAWIB0iIiAdHx8kKDQsJCYxJx8fLT0tMTU3Ojo6Iys/RD84QzQ5OjcBCgoKDQwNGg8PGjclHyU3Nzc3Nzc3Nzc3Nzc3Nzc3Nzc3Nzc3Nzc3Nzc3Nzc3Nzc3Nzc3Nzc3Nzc3Nzc3Nzc3N//AABEIAMAAzAMBIgACEQEDEQH/xAAcAAACAgMBAQAAAAAAAAAAAAAAAQIFAwQGBwj/xABAEAABAwIDBQUGAwYFBQEAAAABAAIDBBEFITEGEhNBURQiUmFxMkKBkaGxBzNyFSNiwdHwJENTgpIlNGPh8Rb/xAAaAQEAAgMBAAAAAAAAAAAAAAAABAUBAgMG/8QAJxEBAAICAQQBAwUBAAAAAAAAAAECAxEEEiExQSIFMmETQoGRoQb/2gAMAwEAAhEDEQA/APZeO/r9Fm4THWJBzCOAz+JYzM4HLQZIAylpLWkWHVZGxteA5wuSkIWvG87U9FAylh3RazeqAe98brC1gpsYJGBzsz6oaxkg3yDdRc8Q90bu6M7lAPJiO6zIapbzC3enc0Ac72Wq6pfUOLaePeeMi46BZYcPFw+peZXdNAEEDWC5FHG6TztkpGKtm/MkYwdGjNbzQGtAAAA5BNBojDmH82WR58ysjaGnaLbl/UraQg1+x0/+k35lJ1DTOyMQ+BK2UINI4bDe7C9p6hyRpqmP8moJ/heFvIQVvFfF/wBxTOt4mG4WWOsEp7jx6LcOeXJa09DDKS4dyTxNQZRE0gEtzPmsTpXMda4ssBkqqMWkHFiHv8ws8JiqWcRjt4nW3IoMjY2ubvOzJ1soPkMb91pAFtCm6R8fdbawUmsEo3nXv5IExrZG7zgSUnnhODWaWQ5zojuMtnmpNaJu869xlkgI7S33wDZSMLPD9VB/7m25z6qBqHfwoH2h3QKfBa7Mk55pdnHVHH3Ra2YyQRMxad0AEDqpiJsgDiSLpGEPsdLrHPVspmHfFwMgOqAnqRStO/aw06la7YZa93EmBjh5MGRKdNTPqZRVVYI8LDyVigjHG2JgZG0NaNAFJCLoBCEIBCEIBCEIBCEIBCEIDysLea0aijc1/Go3bknNvJy3kXQaFNMyd+5Jdk49ph5+i2HPMR3GgEdSoVlGKhocx25M32XD7LBSy8Z5in7k7dR19EG2GNmG+4kEZZIc7gndbmDmkX8IhrRcao3eP39OVkDaOP7Vxbon2dvVyV+BpndI1B6IH2geE/NHALs97M5qPZ3eILIJgMrHLJBB1S2JhL72bqdFpUkRrp+1zjuD8th+6hODXVnZ2n90w70h/krRoDWhrRYDIBBK5SJshVO1GLtwTBaitsHSMbaNp5uOixM6jbalLXtFa+ZbGJ41huFM3q+sihNrhjnd4+g1KrqDbTAa+pZTU9aDK82a1zHC5+IXiVXUz1tTJU1kz555M3veb39Og8kqeeamlEtPK+OQDJ7HWI9FDnld+3h6in/PU6Plb5f4+jb62TuvO9gdpoi2KjrKqCLiHhwU/edIXXzc551JXod1LreLRuHnORx78fJNLHdF1EuABJyA6rktodvsJwrehp3dtqR7kZ7oPm5dKUtedVjaLfJWne0uvBuLjMLBV1tLRN3qyphgb1lkDR9V4vi+3uO4kXCOo7DETbh0+Tvi7X5WVJQ0zsUrQJqgh3vySXkcfhmSp1eBaI3edIU8+JnVI29zG0+BOeGtxajLnGwAlGZ6K2DgQCDcHMLzrZ6kwPAWCqgw6uqqhjc6mSANDR5b1gAurwDaSjx5rnUcdQGt1dJHZvwPNRcmOI+zwlY8kz967uhJC4uxoSQgd1qV9KZ2CSM2nZmwj7LaRe2qDSpJO2t3nndkZk9nQrZDuD3Tc3zWlXMdSVLa2Ia5SAcwtttqljZIz3CMr80ErcfTKyXZz4h8k2ng6536J9ob4Sglx2LRxCQ01O6W+Z9n1K2ODJ0+q0pz2zFIoBnHTjed+r+7INnDafs1MA78x/eefNbRKRSQSuuW/EmikrdmJhC1zjC9spDdSBqunSe1r2lrhcEWIKxaOqNOuDLOLLXJHqdvnFumSd16dj/4cxVM8lRg8op3PO86J+bL+XRUlP8AhrjEkobNUU0bObm3cfkq62C72uP6xxbU6ptr8T5Uux9FLX7R0McYNo5BLIRyaM/6L2THsdocCozUV8u7fJkY9p56ALlpn4T+HeFHhAVGI1Hsh3tSW5no0LzPFcTrMWrHVVdMZJXHLo0dAOQVxwOBa0bt4eL+vfWKZs3w9R2W+0u2WJY6XQlxpqO+UDD7Q5b55+mi5wAmwAz3rCwQfTNeobCbHx0UIxbFwwS2342P0jb1N+f2Vzkvj41O0PM46ZOTbyr9kvw+NZEysxovjjcAWU7TYkfxFda+qwvByMOwXD2VNWNIYQAGeb3cvuka2t2icYsKc+kwtpLX1lrPn8oxqB/Fz5dVd4ZhtJhdO2CkiawC5PUnqTzKqcua953ef4W+LDSsapH8qmPZ+bEXtn2iqRUODt5lJEN2CP4auPm6/oFfwxRwR7kTA1o0AyClkhcJtM+XetYjwaYUULVsldF0kIHdLXJJCBua2RjmPF2uFiPJV+GymklloptWG7D1CsBqqzGG8ExVbbksO67zCCweOMRuaBR4D/JShc1jO84d7MLJxo/GPkgHzRsaXFws0XKq8EaTBLVP9qaVx+F/63RirjBQyuIsT3b+q2qOPg0cEfNsbQfW2f1QZ7oSQgaEkIGqvaTG4MBwqWsnPe9mJnN77ZAf3yKs7+V14x+ImNOxTHpIY3XpqO8bANC73nfy+Ck8bD+tfXpH5Ob9Gkz7UGKYhUYpXS1lY8vmkOZ6DoPJaqNEwCSANTkFfREVrqPShmZtPf27L8N9n2YhWnEq1o7JSm7S7Rzxz9Au4aH7Uzb2bcEid3AMu1kc/wBF/mq6loCKCg2XpyWtMQmr5G67h9z1cfoF2cEccMTY4WhrGABrQLAAKj5GWbXm39Lvj4orSIOJjIo2sY0Na0WAHIKaSFESzQkhA0JIQNCSEDQkhA7rHUxienkhPvtsPXkpo5oNDCnvqKFgtd0RMbvhp9FucKTwrSw08HE66E5BxD2j6/zVvvt8Q+aCo2hdvQ00Tc+JMAVYXuqfFL9roW9JFagoJJqKEEkkkINPGqw0GEVlUDnFE5w9bL5+Jc5znPN3ONyeq9l/Eis7NsxNE0XdUuEY+5+y8Zz56q3+nV+E2VH1G3zioGq2cNDDiFMJcmcVm9fpfNayNSPVWFo3WVfWdWh7hshG6SkmxKVp4ldIZf0s0aPkAugWnhUbYsMpI2ey2FtvkFtLzV53aZekpGqwkhRQtW6SFFCCSFFCBoSQgkkkhBJLzSQevRBVzd3Ho8r8SL+ZVgWEm+6c/JaFQbY1QO6hwV5cdUFLj3dq8Pd/5LLeaVV46TuUspOUcwJ8lYxu66oMt0XSui6B3QldF0HNbXU3b6zDaJ3sycW3ruGy8bmifBNJDKCHxuLXAjMEFe2bTkwuw6vvYU1U0v8A0u7p+64f8SdnzSVv7WpWk08+U277rtL+hAVnwssV1Wfat5uKbR1Q4hCDkM0K27Knu9p2Bxf9qbPQB5Bnpv3UmfTQ/JdIvEdjMfOAYuyV5JpJbMnb0HJ3wXtcb2viZJG8OY4AhwNwQeioOXhnFf8AEr7iZoyU/MJoSui6ipR3RdK6V0Erouo3RdBJF0rpXQSui6jdF0ErpE5FF1F5s3JBWVhJxiiseRVne2qrmDibRQt1EcJP3V9YeEfJBV7QQB+EzFg7zLO+Sx0Mwlp4n+JjT9FtykyxOje/JzS0381S4LI5kb6eXJ8L3NI+P/1BdA5IUWG7U0DQkhBhrqWOto5qaYb0crC1zfVU2DvbX4fUYLizQ+qpf3UwcPzGe6/4j6gq/wAuYuqbHMOmfLHiWG2ZXQDnpKzmw+R+hW9Z9f00tHt5htbsvU4DUmRoc+hee5Jb2fIrnjbqvdqKsoseonsdCLt7lRTyt70Z6EfYrgdqNg5aTeqsGaZIb3dDzb6dVbcfmb+GTyquRxP34/Dh8uei7z8PtrBRtjwrEpLQE2hlcfYv7p8lwjmuY8te0tc02IIsQokX1UvLirmpqfCJiy2xXiYfRd0LzDYrbZ1G1mH4zIX04sIZzmYx0PUfZemxvbIxr43BzXC7XNNwR1VDmw2xTqV7hzVyxuEkI+GSS4uxoSQgaEkIGhJCBrG91gpkrUq5xDBJIfdF0Grhl5cUrJg7JlmA/wB+ity9/jPzWlszTtGHcR4u6Vxffy0H2VsYo/AEBwY/D9VzVd/g8b4mkVUM/wBQ1/l81fmocOQWpjeHisw93CB4rf3jLa3QEDiQsyp8JrBPA11+8MnjoVaMdvBBkSSQgaLnqhCCnxXBzNUDEMNmNLiMQsJRm148L2+8PtyRh+OMknbRYrEKKu5Mcf3c36Hc/TVXC1a+gpa+Aw1ULXtPUaLeLR4lpNZ3uqrx/ZPDsaYXSR8GcaTR5Fec43sVimGXfEztcN8nxjMDzC9D4OMYNY0p/aNGB+RM+0rB0a7n6H5rfw7G6DEjwmvdFUN9umnbuSN+B19RdScWfLi71ncI+XBiy9rRqXhTmlji14LXDUEaLotltr6zAXCF96mhJzhJzZ5tPL00XpeLbL4XigJqKZokIyewWK4TaDYGroI3T4c81UQzcx2TwPLqpkcrDnjpydkKeLmwT1U7vR8IxihxilFRQTtkbo5ujmnoQt+68Fo34lhkza6k40JB/MZpfobfYrvNn/xFp5g2DHGcB+naIwSw/qGrfXRRc3DtXvSdwlYeZW3a8al3qFCGVk8bZYXsfG4XDmuBBHropXUFNg0JIRk00kiUCkcAM1S4o59RJDRRe3M+xHkrColDWklwDRmSeQWngLXz1U2IyNs32IgenNBfBgpY2Rw5NDQLeiXGk6/RZGATC7xp0Uuzx9D80C7O3qVHjubfuo7Q7w/VPgb3evqg5nFKd2GYi2pYLUtSe90Y7+/5qyppgW/ZblbHFVU0lPOzeYRb/wBrmqV02HVXYasm4zjedHNQdECnda0M7XN6rPdA0IukgaajdNAZ9dVo4jhNDiLbVcDHWza62bT5FbyLrMTrwxMb8qEUOMYdnh1a2rgH+TVXJHkHDP53Uv8A9JDAeHjFJNQO0L3t34v+Q0+Ku7535qLo2PBDmtIPULbr35a9Gvt7KSrwelxD/qGDVEcdQ7V8XfZIOjgMnfdUFVhuDSy9nx6gGHVDzutqYzaCU/q90+RXRVGzOGvkM1K19HOczLSuMR+Nsj8VgqKHGY43Rmpp8QhIsY6qOxI9R/RdaX14lyvSJ8wqafZHFMHkMuz+K7rDmYZRvMd9VeUOL4jE5sOMYZIx2nGpQZGn/b7Q+RVAybEsFdvUtPU08Y1piePD/tt3mfAKywzbfCqqUU1cTR1HNsvsn0J/mtskXvG9ba06KTrenUtcHNDm6EXGSd1CNzZI2vje17T7zTcFNRUre0rrDLIGgpySBt1UYlXcIWaC6R3dY0akoMdc+SsqmUEBs6Q98+Fq6Sjpo2UzIoxaONu62y0cCwo09OZZjepmzffPd8laF3A7gz5oAngZNzv1UTUO8I+alYT6m1kdnb40B2f+JHHa3ItOWSfaG9ComBzjcEWOeaA4Jf3gbX6haWL0MVfTcB4tIz2JBq0/0W+Jgwbrr3HRRMZed8EC6Dk6apnpp+zVo3ZW5B3Jw6q4iqA4W1WxilBTV1MYpwWyM9mVurSuce+pwyURVrQW+5MNHIOiBUlXQVbXAXN781uMkBGSDKhRvdNA0JIKATUQmgaLpIQBAOoutKswnD61pbVUkMl/EwLcKi526sxMx3iWJiJ9K7CcDosHlkfRCSISDOMSOLPUNJsFYSyhiwTVO6qmqr3Ol4FODLM7INbnY+aTMzPciIjwz4hiAhbmd5xya0albeCYPJvNr643qHflsPuD+qlhGBOieKutcySpI7oOjB/VXQeIu469/JYZG+Ie6QSTzRbjd5uVss0i10x3226Jhwh7rr555IC/A9rO/RHaQNGlDv39t02t1Uezu8bUBwH+SyCZjRuknJS4zPF9FgMTySQNSgZic67mWz6qYlawBrr3Gtgm2RrQA42IFlifG57i5ouDogk+MykubYAqM0cMkJgqY2vYRm0hZWPDG7rjY9FjkaZHbzBcdUHOVeB1NMTNhbuLD/oOPeHp1+i1IMRAfw5g6KRurZMrLsIyI27r8jqtavoabEQBJC19vf0I+KCqjrOdwthlSwjktKo2dng71FU7vSOXMH4rTeMSpge0UT3Ae/F3h9EF8HjqFLeHVc4zFIr2LnMPQhZ2YlGf85vxNkF5veaC5Uv7QYf86P8A5hJ2IxgZzs/5ILovA5hQdMG6qifikQGctx5BQZU1FVYUlJNLfIGxA+eiC4kqho1aFXiMceTnjePIG5KyQ4FilSf8RIynZ4Wm7la4fhGHUQ3ms4knjkF0FDBS12JOBF6Wn/1H+04eQXRYfhMVCz/DtBJ1kd7TltuieSSBqsokY0AE2I1QRbI2Mbh1HRQcwyHeba3mk5jnOLmi4OiyMe1jA1xs4ckCY5sQ3XXuk8cY7zNPNKRpkcHMFx1U4yIhZ5sSgTCIfb59FLtEfn8lCQcW25nZQ4L/AA/VB//Z
File name: Naukari_Web_App Automation_Report_13_Feb_25_04_31_47.html
Append timestamp?: True
File name(timestamp): Naukari_Web_App Automation_Report_13_Feb_25_04_31_47.html

TIMEOUTS FOR CHROME ARE :{implicit: 30000, pageLoad: 300000, script: 90000}
Desired Capabilities are: {implicit: 30000, pageLoad: 300000, script: 90000}
Browser setup by Thread 1 and Driver reference is : ChromeDriver: chrome on windows (adfaeebac134fe180aaafa729f4c6dfa)
Test Running!
]]></system-out>
    <system-err><![CDATA[SLF4J(W): No SLF4J providers were found.
SLF4J(W): Defaulting to no-operation (NOP) logger implementation
SLF4J(W): See https://www.slf4j.org/codes.html#noProviders for further details.
]]></system-err>
  </testcase>
</testsuite>