<?xml version="1.0" encoding="UTF-8"?>
<!-- Generated by org.testng.reporters.JUnitReportReporter -->
<testsuite hostname="LAPTOP-F1RTPFD0" failures="0" tests="1" name="com.naukari_app.test_cases.user_side.T1_Profile_Module_Test" time="17.447" errors="0" timestamp="2025-02-13T18:17:33 IST" skipped="0">
  <testcase classname="com.naukari_app.test_cases.user_side.T1_Profile_Module_Test" name="Profile_Module_check" time="17.447"/>
  <system-out>
    <![CDATA[<B><font color = 'blue'> Step 1 .</font> Clicked on profile logo  option 
<B><font color = 'orange'>Step 2 .</font></B> printed user name ]]>
  </system-out>
</testsuite> <!-- com.naukari_app.test_cases.user_side.T1_Profile_Module_Test -->
